# JRE version: OpenJDK Runtime Environment (11.0+28) (build 11+28)
# Java VM: OpenJDK 64-Bit Server VM (11+28, mixed mode, tiered, compressed oops, g1 gc, windows-amd64)
Heap:
 garbage-first heap   total 315392K, used 46773K [0x0000000701000000, 0x0000000800000000)
  region size 1024K, 20 young (20480K), 20 survivors (20480K)
 Metaspace       used 76854K, capacity 78960K, committed 79152K, reserved 1120256K
  class space    used 9969K, capacity 10775K, committed 10880K, reserved 1048576K
GC Heap History (10 events):
Event: 2.316 GC heap after
{Heap after GC invocations=5 (full 0):
 garbage-first heap   total 262144K, used 14924K [0x0000000701000000, 0x0000000800000000)
  region size 1024K, 6 young (6144K), 6 survivors (6144K)
 Metaspace       used 30739K, capacity 31546K, committed 31664K, reserved 1077248K
  class space    used 3667K, capacity 4002K, committed 4096K, reserved 1048576K
}
Event: 2.567 GC heap before
{Heap before GC invocations=5 (full 0):
 garbage-first heap   total 262144K, used 67148K [0x0000000701000000, 0x0000000800000000)
  region size 1024K, 58 young (59392K), 6 survivors (6144K)
 Metaspace       used 34934K, capacity 35807K, committed 35920K, reserved 1081344K
  class space    used 4255K, capacity 4593K, committed 4608K, reserved 1048576K
}
Event: 2.572 GC heap after
{Heap after GC invocations=6 (full 0):
 garbage-first heap   total 262144K, used 16359K [0x0000000701000000, 0x0000000800000000)
  region size 1024K, 8 young (8192K), 8 survivors (8192K)
 Metaspace       used 34934K, capacity 35807K, committed 35920K, reserved 1081344K
  class space    used 4255K, capacity 4593K, committed 4608K, reserved 1048576K
}
Event: 4.592 GC heap before
{Heap before GC invocations=7 (full 0):
 garbage-first heap   total 262144K, used 160743K [0x0000000701000000, 0x0000000800000000)
  region size 1024K, 150 young (153600K), 8 survivors (8192K)
 Metaspace       used 45866K, capacity 47204K, committed 47280K, reserved 1089536K
  class space    used 5794K, capacity 6345K, committed 6400K, reserved 1048576K
}
Event: 4.600 GC heap after
{Heap after GC invocations=8 (full 0):
 garbage-first heap   total 262144K, used 21130K [0x0000000701000000, 0x0000000800000000)
  region size 1024K, 12 young (12288K), 12 survivors (12288K)
 Metaspace       used 45866K, capacity 47204K, committed 47280K, reserved 1089536K
  class space    used 5794K, capacity 6345K, committed 6400K, reserved 1048576K
}
Event: 5.473 GC heap before
{Heap before GC invocations=8 (full 0):
 garbage-first heap   total 262144K, used 138890K [0x0000000701000000, 0x0000000800000000)
  region size 1024K, 129 young (132096K), 12 survivors (12288K)
 Metaspace       used 58719K, capacity 60223K, committed 60336K, reserved 1101824K
  class space    used 7527K, capacity 8140K, committed 8192K, reserved 1048576K
}
Event: 5.486 GC heap after
{Heap after GC invocations=9 (full 0):
 garbage-first heap   total 262144K, used 25730K [0x0000000701000000, 0x0000000800000000)
  region size 1024K, 15 young (15360K), 15 survivors (15360K)
 Metaspace       used 58719K, capacity 60223K, committed 60336K, reserved 1101824K
  class space    used 7527K, capacity 8140K, committed 8192K, reserved 1048576K
}
Event: 10.112 GC heap before
{Heap before GC invocations=10 (full 0):
 garbage-first heap   total 262144K, used 167042K [0x0000000701000000, 0x0000000800000000)
  region size 1024K, 153 young (156672K), 15 survivors (15360K)
 Metaspace       used 70981K, capacity 72815K, committed 73136K, reserved 1112064K
  class space    used 9134K, capacity 9868K, committed 9984K, reserved 1048576K
}
Event: 10.124 GC heap after
{Heap after GC invocations=11 (full 0):
 garbage-first heap   total 262144K, used 31663K [0x0000000701000000, 0x0000000800000000)
  region size 1024K, 16 young (16384K), 16 survivors (16384K)
 Metaspace       used 70981K, capacity 72815K, committed 73136K, reserved 1112064K
  class space    used 9134K, capacity 9868K, committed 9984K, reserved 1048576K
}
Event: 10.929 GC heap before
{Heap before GC invocations=11 (full 0):
 garbage-first heap   total 262144K, used 171951K [0x0000000701000000, 0x0000000800000000)
  region size 1024K, 153 young (156672K), 16 survivors (16384K)
 Metaspace       used 76854K, capacity 78960K, committed 79152K, reserved 1120256K
  class space    used 9969K, capacity 10775K, committed 10880K, reserved 1048576K
}

